<?xml version="1.0" encoding="UTF-8"?>
<testng-results ignored="3" total="5" passed="2" failed="0" skipped="0">
  <reporter-output>
  </reporter-output>
  <suite started-at="2022-10-03T16:44:45 IST" name="Suite" finished-at="2022-10-03T16:45:19 IST" duration-ms="33665">
    <groups>
      <group name="purchase">
        <method signature="submitOrderTest.submitOrder(java.util.HashMap)[pri:0, instance:KamalIndustries.Tests.submitOrderTest@7d8995e]" name="submitOrder" class="KamalIndustries.Tests.submitOrderTest"/>
      </group> <!-- purchase -->
    </groups>
    <test started-at="2022-10-03T16:44:45 IST" name="Submit Order Test" finished-at="2022-10-03T16:45:18 IST" duration-ms="33641">
      <class name="KamalIndustries.Tests.submitOrderTest">
        <test-method is-config="true" signature="launchApplication()[pri:0, instance:KamalIndustries.Tests.submitOrderTest@7d8995e]" started-at="2022-10-03T16:44:45 IST" name="launchApplication" finished-at="2022-10-03T16:44:48 IST" duration-ms="2546" status="PASS">
          <reporter-output>
          </reporter-output>
        </test-method> <!-- launchApplication -->
        <test-method signature="submitOrder(java.util.HashMap)[pri:0, instance:KamalIndustries.Tests.submitOrderTest@7d8995e]" started-at="2022-10-03T16:44:48 IST" name="submitOrder" data-provider="getData" finished-at="2022-10-03T16:45:02 IST" duration-ms="14392" status="PASS">
          <params>
            <param index="0">
              <value>
                <![CDATA[{password=Password1*, email=kamalnath121998@gmail.com, productName=zara coat 3}]]>
              </value>
            </param>
          </params>
          <reporter-output>
          </reporter-output>
        </test-method> <!-- submitOrder -->
        <test-method is-config="true" signature="tearDown()[pri:0, instance:KamalIndustries.Tests.submitOrderTest@7d8995e]" started-at="2022-10-03T16:45:02 IST" name="tearDown" finished-at="2022-10-03T16:45:02 IST" duration-ms="256" status="PASS">
          <reporter-output>
          </reporter-output>
        </test-method> <!-- tearDown -->
        <test-method is-config="true" signature="launchApplication()[pri:0, instance:KamalIndustries.Tests.submitOrderTest@7d8995e]" started-at="2022-10-03T16:45:02 IST" name="launchApplication" finished-at="2022-10-03T16:45:04 IST" duration-ms="1763" status="PASS">
          <reporter-output>
          </reporter-output>
        </test-method> <!-- launchApplication -->
        <test-method signature="submitOrder(java.util.HashMap)[pri:0, instance:KamalIndustries.Tests.submitOrderTest@7d8995e]" started-at="2022-10-03T16:45:04 IST" name="submitOrder" data-provider="getData" finished-at="2022-10-03T16:45:18 IST" duration-ms="14262" status="PASS">
          <params>
            <param index="0">
              <value>
                <![CDATA[{password=Password23$, email=kamalnath199812@gmail.com, productName=ADIDAS ORIGINAL}]]>
              </value>
            </param>
          </params>
          <reporter-output>
          </reporter-output>
        </test-method> <!-- submitOrder -->
        <test-method is-config="true" signature="tearDown()[pri:0, instance:KamalIndustries.Tests.submitOrderTest@7d8995e]" started-at="2022-10-03T16:45:18 IST" name="tearDown" finished-at="2022-10-03T16:45:18 IST" duration-ms="220" status="PASS">
          <reporter-output>
          </reporter-output>
        </test-method> <!-- tearDown -->
      </class> <!-- KamalIndustries.Tests.submitOrderTest -->
    </test> <!-- Submit Order Test -->
    <test started-at="2022-10-03T16:45:19 IST" name="Error Validation Test" finished-at="2022-10-03T16:45:19 IST" duration-ms="2">
    </test> <!-- Error Validation Test -->
  </suite> <!-- Suite -->
</testng-results>
