<?xml version="1.0" encoding="UTF-8"?>
<!-- Generated by org.testng.reporters.JUnitXMLReporter -->
<testsuite ignored="0" hostname="LAPTOP-E6SRQGTN" failures="0" tests="3" name="car loan" time="0.011" errors="0" timestamp="2022-09-13T12:20:37 IST">
  <testcase classname="section16.day3" name="LoginAPIHomeLoan" time="0.001"/>
  <testcase classname="section16.day3" name="MobileLoginHomeLoan" time="0.001"/>
  <testcase classname="section16.day3" name="WebloginHomeLoan" time="0.001"/>
</testsuite> <!-- car loan -->
