<?xml version="1.0" encoding="UTF-8"?>
<!-- Generated by org.testng.reporters.JUnitXMLReporter -->
<testsuite ignored="0" hostname="LAPTOP-E6SRQGTN" failures="0" tests="2" name="Default test" time="34.355" errors="0" timestamp="2022-10-02T10:45:43 IST">
  <testcase classname="KamalIndustries.Tests.ErrorValidationsTest" name="loginErrorValidation" time="0.399"/>
  <testcase classname="KamalIndustries.Tests.ErrorValidationsTest" name="productErrorValidation" time="13.43"/>
</testsuite> <!-- Default test -->
