<?xml version="1.0" encoding="UTF-8"?>
<!-- Generated by org.testng.reporters.JUnitXMLReporter -->
<testsuite ignored="1" hostname="LAPTOP-E6SRQGTN" failures="0" tests="2" name="Submit Order Test" time="33.641" errors="0" timestamp="2022-10-03T16:45:19 IST">
  <testcase classname="KamalIndustries.Tests.submitOrderTest" name="submitOrder" time="14.392"/>
  <testcase classname="KamalIndustries.Tests.submitOrderTest" name="submitOrder" time="14.262"/>
  <testcase classname="KamalIndustries.Tests.submitOrderTest" name="orderHistoryTest" time="0.0">
    <ignored/>
  </testcase> <!-- orderHistoryTest -->
</testsuite> <!-- Submit Order Test -->
