<?xml version="1.0" encoding="UTF-8"?>
<testng-results ignored="0" total="1" passed="1" failed="0" skipped="0">
  <reporter-output>
  </reporter-output>
  <suite started-at="2023-08-30T11:57:52 IST" name="Default suite" finished-at="2023-08-30T11:57:57 IST" duration-ms="4234">
    <groups>
    </groups>
    <test started-at="2023-08-30T11:57:52 IST" name="Default test" finished-at="2023-08-30T11:57:57 IST" duration-ms="4234">
      <class name="section8.BuildProgrammingLogicToProcessItemsInArrayForCart">
        <test-method is-config="true" signature="beforeMethod()[pri:0, instance:section8.BuildProgrammingLogicToProcessItemsInArrayForCart@7722c3c3]" started-at="2023-08-30T11:57:52 IST" name="beforeMethod" finished-at="2023-08-30T11:57:55 IST" duration-ms="2510" status="PASS">
          <reporter-output>
          </reporter-output>
        </test-method> <!-- beforeMethod -->
        <test-method signature="f()[pri:0, instance:section8.BuildProgrammingLogicToProcessItemsInArrayForCart@7722c3c3]" started-at="2023-08-30T11:57:55 IST" name="f" finished-at="2023-08-30T11:57:56 IST" duration-ms="1552" status="PASS">
          <reporter-output>
          </reporter-output>
        </test-method> <!-- f -->
        <test-method is-config="true" signature="afterMethod()[pri:0, instance:section8.BuildProgrammingLogicToProcessItemsInArrayForCart@7722c3c3]" started-at="2023-08-30T11:57:56 IST" name="afterMethod" finished-at="2023-08-30T11:57:57 IST" duration-ms="135" status="PASS">
          <reporter-output>
          </reporter-output>
        </test-method> <!-- afterMethod -->
      </class> <!-- section8.BuildProgrammingLogicToProcessItemsInArrayForCart -->
    </test> <!-- Default test -->
  </suite> <!-- Default suite -->
</testng-results>
