<?xml version="1.0" encoding="UTF-8"?>
<!-- Generated by org.testng.reporters.JUnitXMLReporter -->
<testsuite ignored="0" hostname="LAPTOP-E6SRQGTN" failures="0" tests="3" name="Submit Order Test" time="52.68" errors="0" timestamp="2022-10-07T10:53:21 IST">
  <testcase classname="KamalIndustries.Tests.submitOrderTest" name="submitOrder" time="14.501"/>
  <testcase classname="KamalIndustries.Tests.submitOrderTest" name="submitOrder" time="14.261"/>
  <testcase classname="KamalIndustries.Tests.submitOrderTest" name="orderHistoryTest" time="0.627"/>
</testsuite> <!-- Submit Order Test -->
