<?xml version="1.0" encoding="UTF-8"?>
<testng-results ignored="0" total="1" passed="1" failed="0" skipped="0">
  <reporter-output>
  </reporter-output>
  <suite started-at="2022-08-12T10:01:08 IST" name="Default suite" finished-at="2022-08-12T10:01:10 IST" duration-ms="2821">
    <groups>
    </groups>
    <test started-at="2022-08-12T10:01:08 IST" name="Default test" finished-at="2022-08-12T10:01:10 IST" duration-ms="2821">
      <class name="section6.uniqueTagNameLocators">
        <test-method is-config="true" signature="beforeMethod()[pri:0, instance:section6.uniqueTagNameLocators@28eaa59a]" started-at="2022-08-12T10:01:08 IST" name="beforeMethod" finished-at="2022-08-12T10:01:10 IST" duration-ms="2119" status="PASS">
          <reporter-output>
          </reporter-output>
        </test-method> <!-- beforeMethod -->
        <test-method signature="test()[pri:0, instance:section6.uniqueTagNameLocators@28eaa59a]" started-at="2022-08-12T10:01:10 IST" name="test" finished-at="2022-08-12T10:01:10 IST" duration-ms="642" status="PASS">
          <reporter-output>
          </reporter-output>
        </test-method> <!-- test -->
        <test-method is-config="true" signature="afterMethod()[pri:0, instance:section6.uniqueTagNameLocators@28eaa59a]" started-at="2022-08-12T10:01:10 IST" name="afterMethod" finished-at="2022-08-12T10:01:10 IST" duration-ms="1" status="PASS">
          <reporter-output>
          </reporter-output>
        </test-method> <!-- afterMethod -->
      </class> <!-- section6.uniqueTagNameLocators -->
    </test> <!-- Default test -->
  </suite> <!-- Default suite -->
</testng-results>
