<?xml version="1.0" encoding="UTF-8"?>
<!-- Generated by org.testng.reporters.JUnitXMLReporter -->
<testsuite ignored="1" hostname="LAPTOP-E6SRQGTN" failures="0" tests="2" name="Submit Order Test" time="36.195" errors="0" timestamp="2022-10-12T13:39:48 IST">
  <testcase classname="KamalIndustries.Tests.submitOrderTest" name="submitOrder" time="14.673"/>
  <testcase classname="KamalIndustries.Tests.submitOrderTest" name="submitOrder" time="14.796"/>
  <testcase classname="KamalIndustries.Tests.submitOrderTest" name="orderHistoryTest" time="0.0">
    <ignored/>
  </testcase> <!-- orderHistoryTest -->
</testsuite> <!-- Submit Order Test -->
