<?xml version="1.0" encoding="UTF-8"?>
<!-- Generated by org.testng.reporters.JUnitXMLReporter -->
<testsuite ignored="1" hostname="LAPTOP-E6SRQGTN" failures="0" tests="1" name="Error Validation Test" time="6.202" errors="0" timestamp="2022-10-03T13:22:09 IST">
  <testcase classname="KamalIndustries.Tests.ErrorValidationsTest" name="loginErrorValidation" time="0.429"/>
  <testcase classname="KamalIndustries.Tests.ErrorValidationsTest" name="productErrorValidation" time="0.0">
    <ignored/>
  </testcase> <!-- productErrorValidation -->
</testsuite> <!-- Error Validation Test -->
