<?xml version="1.0" encoding="UTF-8"?>
<!-- Generated by org.testng.reporters.JUnitXMLReporter -->
<testsuite ignored="2" hostname="LAPTOP-E6SRQGTN" failures="0" tests="0" time="0.011" errors="0" timestamp="2022-10-03T13:22:03 IST">
  <testcase classname="KamalIndustries.Tests.submitOrderTest" name="submitOrder" time="0.0">
    <ignored/>
  </testcase> <!-- submitOrder -->
  <testcase classname="KamalIndustries.Tests.submitOrderTest" name="orderHistoryTest" time="0.0">
    <ignored/>
  </testcase> <!-- orderHistoryTest -->
</testsuite>
