<?xml version="1.0" encoding="UTF-8"?>
<testng-results ignored="3" total="4" passed="1" failed="0" skipped="0">
  <reporter-output>
  </reporter-output>
  <suite started-at="2022-10-03T13:22:03 IST" name="Suite" finished-at="2022-10-03T13:22:09 IST" duration-ms="6274">
    <groups>
      <group name="ErrorHandling">
        <method signature="ErrorValidationsTest.loginErrorValidation()[pri:0, instance:KamalIndustries.Tests.ErrorValidationsTest@6c6cb480]" name="loginErrorValidation" class="KamalIndustries.Tests.ErrorValidationsTest"/>
      </group> <!-- ErrorHandling -->
    </groups>
    <test started-at="2022-10-03T13:22:03 IST" name="Submit Order Test" finished-at="2022-10-03T13:22:03 IST" duration-ms="11">
    </test> <!-- Submit Order Test -->
    <test started-at="2022-10-03T13:22:03 IST" name="Error Validation Test" finished-at="2022-10-03T13:22:09 IST" duration-ms="6202">
      <class name="KamalIndustries.Tests.ErrorValidationsTest">
        <test-method is-config="true" signature="launchApplication()[pri:0, instance:KamalIndustries.Tests.ErrorValidationsTest@6c6cb480]" started-at="2022-10-03T13:22:03 IST" name="launchApplication" finished-at="2022-10-03T13:22:08 IST" duration-ms="5508" status="PASS">
          <reporter-output>
          </reporter-output>
        </test-method> <!-- launchApplication -->
        <test-method signature="loginErrorValidation()[pri:0, instance:KamalIndustries.Tests.ErrorValidationsTest@6c6cb480]" started-at="2022-10-03T13:22:08 IST" name="loginErrorValidation" finished-at="2022-10-03T13:22:09 IST" duration-ms="429" status="PASS">
          <reporter-output>
          </reporter-output>
        </test-method> <!-- loginErrorValidation -->
        <test-method is-config="true" signature="tearDown()[pri:0, instance:KamalIndustries.Tests.ErrorValidationsTest@6c6cb480]" started-at="2022-10-03T13:22:09 IST" name="tearDown" finished-at="2022-10-03T13:22:09 IST" duration-ms="227" status="PASS">
          <reporter-output>
          </reporter-output>
        </test-method> <!-- tearDown -->
      </class> <!-- KamalIndustries.Tests.ErrorValidationsTest -->
    </test> <!-- Error Validation Test -->
  </suite> <!-- Suite -->
</testng-results>
