<?xml version="1.0" encoding="UTF-8"?>
<testng-results ignored="3" total="5" passed="2" failed="0" skipped="0">
  <reporter-output>
  </reporter-output>
  <suite started-at="2022-10-12T13:39:12 IST" name="Suite" finished-at="2022-10-12T13:39:48 IST" duration-ms="36217">
    <groups>
      <group name="purchase">
        <method signature="submitOrderTest.submitOrder(java.util.HashMap)[pri:0, instance:KamalIndustries.Tests.submitOrderTest@1189dd52]" name="submitOrder" class="KamalIndustries.Tests.submitOrderTest"/>
      </group> <!-- purchase -->
    </groups>
    <test started-at="2022-10-12T13:39:12 IST" name="Submit Order Test" finished-at="2022-10-12T13:39:48 IST" duration-ms="36195">
      <class name="KamalIndustries.Tests.submitOrderTest">
        <test-method is-config="true" signature="launchApplication()[pri:0, instance:KamalIndustries.Tests.submitOrderTest@1189dd52]" started-at="2022-10-12T13:39:12 IST" name="launchApplication" finished-at="2022-10-12T13:39:16 IST" duration-ms="3993" status="PASS">
          <reporter-output>
          </reporter-output>
        </test-method> <!-- launchApplication -->
        <test-method signature="submitOrder(java.util.HashMap)[pri:0, instance:KamalIndustries.Tests.submitOrderTest@1189dd52]" started-at="2022-10-12T13:39:16 IST" name="submitOrder" data-provider="getData" finished-at="2022-10-12T13:39:31 IST" duration-ms="14673" status="PASS">
          <params>
            <param index="0">
              <value>
                <![CDATA[{password=Password1*, email=kamalnath121998@gmail.com, productName=zara coat 3}]]>
              </value>
            </param>
          </params>
          <reporter-output>
          </reporter-output>
        </test-method> <!-- submitOrder -->
        <test-method is-config="true" signature="tearDown()[pri:0, instance:KamalIndustries.Tests.submitOrderTest@1189dd52]" started-at="2022-10-12T13:39:31 IST" name="tearDown" finished-at="2022-10-12T13:39:31 IST" duration-ms="31" status="PASS">
          <reporter-output>
          </reporter-output>
        </test-method> <!-- tearDown -->
        <test-method is-config="true" signature="launchApplication()[pri:0, instance:KamalIndustries.Tests.submitOrderTest@1189dd52]" started-at="2022-10-12T13:39:31 IST" name="launchApplication" finished-at="2022-10-12T13:39:33 IST" duration-ms="2245" status="PASS">
          <reporter-output>
          </reporter-output>
        </test-method> <!-- launchApplication -->
        <test-method signature="submitOrder(java.util.HashMap)[pri:0, instance:KamalIndustries.Tests.submitOrderTest@1189dd52]" started-at="2022-10-12T13:39:33 IST" name="submitOrder" data-provider="getData" finished-at="2022-10-12T13:39:48 IST" duration-ms="14796" status="PASS">
          <params>
            <param index="0">
              <value>
                <![CDATA[{password=Password23$, email=kamalnath199812@gmail.com, productName=ADIDAS ORIGINAL}]]>
              </value>
            </param>
          </params>
          <reporter-output>
          </reporter-output>
        </test-method> <!-- submitOrder -->
        <test-method is-config="true" signature="tearDown()[pri:0, instance:KamalIndustries.Tests.submitOrderTest@1189dd52]" started-at="2022-10-12T13:39:48 IST" name="tearDown" finished-at="2022-10-12T13:39:48 IST" duration-ms="27" status="PASS">
          <reporter-output>
          </reporter-output>
        </test-method> <!-- tearDown -->
      </class> <!-- KamalIndustries.Tests.submitOrderTest -->
    </test> <!-- Submit Order Test -->
    <test started-at="2022-10-12T13:39:48 IST" name="Error Validation Test" finished-at="2022-10-12T13:39:48 IST" duration-ms="0">
    </test> <!-- Error Validation Test -->
  </suite> <!-- Suite -->
</testng-results>
